<?xml version="1.0" encoding="UTF-8"?>
<!-- Generated by org.testng.reporters.JUnitReportReporter -->
<testsuite skipped="0" hostname="LPT2829" name="energy.comparethemarket.com.ctmsdet.bdd.RunSDETBDD" tests="1" failures="0" timestamp="14 Aug 2017 20:27:58 GMT" time="90.909" errors="0">
  <testcase name="feature" time="90.909" classname="energy.comparethemarket.com.ctmsdet.bdd.RunSDETBDD"/>
</testsuite> <!-- energy.comparethemarket.com.ctmsdet.bdd.RunSDETBDD -->
